This is pdfTeX, Version 3.14159265-2.6-1.40.17 (TeX Live 2016/Debian) (preloaded format=pdflatex 2017.1.18)  24 APR 2017 21:00
entering extended mode
 restricted \write18 enabled.
 %&-line parsing enabled.
**scifile.tex
(./scifile.tex
LaTeX2e <2016/03/31>
Babel <3.9r> and hyphenation patterns for 83 language(s) loaded.
(/usr/share/texlive/texmf-dist/tex/latex/base/article.cls
Document Class: article 2014/09/29 v1.4h Standard LaTeX document class
(/usr/share/texlive/texmf-dist/tex/latex/base/size12.clo
File: size12.clo 2014/09/29 v1.4h Standard LaTeX file (size option)
)
\c@part=\count79
\c@section=\count80
\c@subsection=\count81
\c@subsubsection=\count82
\c@paragraph=\count83
\c@subparagraph=\count84
\c@figure=\count85
\c@table=\count86
\abovecaptionskip=\skip41
\belowcaptionskip=\skip42
\bibindent=\dimen102
) (./scicite.sty
LaTeX Info: Redefining \cite on input line 160.
LaTeX Info: Redefining \nocite on input line 227.
Package: scicite 2003/11/04  v 4.01
)
(/usr/share/texlive/texmf-dist/tex/latex/psnfss/times.sty
Package: times 2005/04/12 PSNFSS-v9.2a (SPQR) 
)
(/usr/share/texlive/texmf-dist/tex/latex/graphics/graphicx.sty
Package: graphicx 2014/10/28 v1.0g Enhanced LaTeX Graphics (DPC,SPQR)

(/usr/share/texlive/texmf-dist/tex/latex/graphics/keyval.sty
Package: keyval 2014/10/28 v1.15 key=value parser (DPC)
\KV@toks@=\toks14
)
(/usr/share/texlive/texmf-dist/tex/latex/graphics/graphics.sty
Package: graphics 2016/05/09 v1.0r Standard LaTeX Graphics (DPC,SPQR)

(/usr/share/texlive/texmf-dist/tex/latex/graphics/trig.sty
Package: trig 2016/01/03 v1.10 sin cos tan (DPC)
)
(/usr/share/texlive/texmf-dist/tex/latex/graphics-cfg/graphics.cfg
File: graphics.cfg 2016/01/02 v1.10 sample graphics configuration
)
Package graphics Info: Driver file: pdftex.def on input line 96.

(/usr/share/texlive/texmf-dist/tex/latex/pdftex-def/pdftex.def
File: pdftex.def 2011/05/27 v0.06d Graphics/color for pdfTeX

(/usr/share/texlive/texmf-dist/tex/generic/oberdiek/infwarerr.sty
Package: infwarerr 2016/05/16 v1.4 Providing info/warning/error messages (HO)
)
(/usr/share/texlive/texmf-dist/tex/generic/oberdiek/ltxcmds.sty
Package: ltxcmds 2016/05/16 v1.23 LaTeX kernel commands for general use (HO)
)
\Gread@gobject=\count87
))
\Gin@req@height=\dimen103
\Gin@req@width=\dimen104
)
(/usr/share/texlive/texmf-dist/tex/latex/caption/subcaption.sty
Package: subcaption 2016/02/20 v1.1-142 Sub-captions (AR)

(/usr/share/texlive/texmf-dist/tex/latex/caption/caption.sty
Package: caption 2016/02/21 v3.3-144 Customizing captions (AR)

(/usr/share/texlive/texmf-dist/tex/latex/caption/caption3.sty
Package: caption3 2016/02/04 v1.7-139 caption3 kernel (AR)
Package caption3 Info: TeX engine: e-TeX on input line 67.
\captionmargin=\dimen105
\captionmargin@=\dimen106
\captionwidth=\dimen107
\caption@tempdima=\dimen108
\caption@indent=\dimen109
\caption@parindent=\dimen110
\caption@hangindent=\dimen111
)
\c@ContinuedFloat=\count88
)
\c@subfigure=\count89
\c@subtable=\count90
)
\c@lastnote=\count91
 (./scifile.aux)
\openout1 = `scifile.aux'.

LaTeX Font Info:    Checking defaults for OML/cmm/m/it on input line 94.
LaTeX Font Info:    ... okay on input line 94.
LaTeX Font Info:    Checking defaults for T1/cmr/m/n on input line 94.
LaTeX Font Info:    ... okay on input line 94.
LaTeX Font Info:    Checking defaults for OT1/cmr/m/n on input line 94.
LaTeX Font Info:    ... okay on input line 94.
LaTeX Font Info:    Checking defaults for OMS/cmsy/m/n on input line 94.
LaTeX Font Info:    ... okay on input line 94.
LaTeX Font Info:    Checking defaults for OMX/cmex/m/n on input line 94.
LaTeX Font Info:    ... okay on input line 94.
LaTeX Font Info:    Checking defaults for U/cmr/m/n on input line 94.
LaTeX Font Info:    ... okay on input line 94.
LaTeX Font Info:    Try loading font information for OT1+ptm on input line 94.
 (/usr/share/texlive/texmf-dist/tex/latex/psnfss/ot1ptm.fd
File: ot1ptm.fd 2001/06/04 font definitions for OT1/ptm.
)
(/usr/share/texlive/texmf-dist/tex/context/base/mkii/supp-pdf.mkii
[Loading MPS to PDF converter (version 2006.09.02).]
\scratchcounter=\count92
\scratchdimen=\dimen112
\scratchbox=\box26
\nofMPsegments=\count93
\nofMParguments=\count94
\everyMPshowfont=\toks15
\MPscratchCnt=\count95
\MPscratchDim=\dimen113
\MPnumerator=\count96
\makeMPintoPDFobject=\count97
\everyMPtoPDFconversion=\toks16
) (/usr/share/texlive/texmf-dist/tex/generic/oberdiek/pdftexcmds.sty
Package: pdftexcmds 2016/05/10 v0.21 Utility functions of pdfTeX for LuaTeX (HO
)

(/usr/share/texlive/texmf-dist/tex/generic/oberdiek/ifluatex.sty
Package: ifluatex 2016/05/16 v1.4 Provides the ifluatex switch (HO)
Package ifluatex Info: LuaTeX not detected.
)
(/usr/share/texlive/texmf-dist/tex/generic/oberdiek/ifpdf.sty
Package: ifpdf 2016/05/14 v3.1 Provides the ifpdf switch
)
Package pdftexcmds Info: LuaTeX not detected.
Package pdftexcmds Info: \pdf@primitive is available.
Package pdftexcmds Info: \pdf@ifprimitive is available.
Package pdftexcmds Info: \pdfdraftmode found.
)
(/usr/share/texlive/texmf-dist/tex/latex/oberdiek/epstopdf-base.sty
Package: epstopdf-base 2016/05/15 v2.6 Base part for package epstopdf

(/usr/share/texlive/texmf-dist/tex/latex/oberdiek/grfext.sty
Package: grfext 2016/05/16 v1.2 Manage graphics extensions (HO)

(/usr/share/texlive/texmf-dist/tex/generic/oberdiek/kvdefinekeys.sty
Package: kvdefinekeys 2016/05/16 v1.4 Define keys (HO)
))
(/usr/share/texlive/texmf-dist/tex/latex/oberdiek/kvoptions.sty
Package: kvoptions 2016/05/16 v3.12 Key value format for package options (HO)

(/usr/share/texlive/texmf-dist/tex/generic/oberdiek/kvsetkeys.sty
Package: kvsetkeys 2016/05/16 v1.17 Key value parser (HO)

(/usr/share/texlive/texmf-dist/tex/generic/oberdiek/etexcmds.sty
Package: etexcmds 2016/05/16 v1.6 Avoid name clashes with e-TeX commands (HO)
Package etexcmds Info: Could not find \expanded.
(etexcmds)             That can mean that you are not using pdfTeX 1.50 or
(etexcmds)             that some package has redefined \expanded.
(etexcmds)             In the latter case, load this package earlier.
)))
Package grfext Info: Graphics extension search list:
(grfext)             [.png,.pdf,.jpg,.mps,.jpeg,.jbig2,.jb2,.PNG,.PDF,.JPG,.JPE
G,.JBIG2,.JB2,.eps]
(grfext)             \AppendGraphicsExtensions on input line 456.

(/usr/share/texlive/texmf-dist/tex/latex/latexconfig/epstopdf-sys.cfg
File: epstopdf-sys.cfg 2010/07/13 v1.3 Configuration of (r)epstopdf for TeX Liv
e
))
Package caption Info: Begin \AtBeginDocument code.
Package caption Info: End \AtBeginDocument code.
LaTeX Font Info:    External font `cmex10' loaded for size
(Font)              <14.4> on input line 102.
LaTeX Font Info:    External font `cmex10' loaded for size
(Font)              <7> on input line 102.
LaTeX Font Info:    Font shape `OT1/ptm/bx/n' in size <17.28> not available
(Font)              Font shape `OT1/ptm/b/n' tried instead on input line 117.

[1

{/var/lib/texmf/fonts/map/pdftex/updmap/pdftex.map}] [2]
<arch.png, id=12, 578.16pt x 325.215pt>
File: arch.png Graphic file (type png)
 <use arch.png>
Package pdftex.def Info: arch.png used on input line 141.
(pdftex.def)             Requested size: 364.19664pt x 204.85675pt.

<openflow.png, id=13, 384.6872pt x 176.15813pt>
File: openflow.png Graphic file (type png)
 <use openflow.png>
Package pdftex.def Info: openflow.png used on input line 150.
(pdftex.def)             Requested size: 364.19664pt x 166.78748pt.
 [3 <./arch.png>]
LaTeX Font Info:    External font `cmex10' loaded for size
(Font)              <12> on input line 159.
LaTeX Font Info:    External font `cmex10' loaded for size
(Font)              <8> on input line 159.
LaTeX Font Info:    External font `cmex10' loaded for size
(Font)              <6> on input line 159.
 <onos.png, id=18, 1922.18124pt x 1068.99374pt>
File: onos.png Graphic file (type png)
 <use onos.png>
Package pdftex.def Info: onos.png used on input line 165.
(pdftex.def)             Requested size: 409.71689pt x 227.85548pt.

<stats.png, id=19, 1926.19624pt x 1025.8325pt>
File: stats.png Graphic file (type png)
 <use stats.png>
Package pdftex.def Info: stats.png used on input line 172.
(pdftex.def)             Requested size: 409.71689pt x 218.20175pt.
LaTeX Font Info:    Font shape `OT1/ptm/bx/n' in size <14.4> not available
(Font)              Font shape `OT1/ptm/b/n' tried instead on input line 182.
 [4 <./openflow.png>] [5 <./onos.png> <./stats.png>]
<mininet.jpg, id=30, 746.01291pt x 559.50967pt>
File: mininet.jpg Graphic file (type jpg)
 <use mininet.jpg>
Package pdftex.def Info: mininet.jpg used on input line 188.
(pdftex.def)             Requested size: 318.66946pt x 239.00505pt.

<script.png, id=31, 960.58875pt x 556.0775pt>
File: script.png Graphic file (type png)
 <use script.png>
Package pdftex.def Info: script.png used on input line 197.
(pdftex.def)             Requested size: 364.19664pt x 210.82799pt.
 [6 <./mininet.jpg>]
LaTeX Font Info:    Font shape `OT1/ptm/bx/n' in size <12> not available
(Font)              Font shape `OT1/ptm/b/n' tried instead on input line 208.
 [7 <./script.png>] <Scenarios.pdf, id=39, 722.7pt x 542.025pt>
File: Scenarios.pdf Graphic file (type pdf)

<use Scenarios.pdf>
Package pdftex.def Info: Scenarios.pdf used on input line 214.
(pdftex.def)             Requested size: 318.66946pt x 239.0045pt.
 [8 <./Scenarios.pdf>]
<544_data/544_linear_5/timeline.png, id=69, 578.16pt x 433.62pt>
File: 544_data/544_linear_5/timeline.png Graphic file (type png)

<use 544_data/544_linear_5/timeline.png>
Package pdftex.def Info: 544_data/544_linear_5/timeline.png used on input line 
231.
(pdftex.def)             Requested size: 204.85844pt x 153.64174pt.

<544_data/544_linear_5/bar.png, id=70, 578.16pt x 433.62pt>
File: 544_data/544_linear_5/bar.png Graphic file (type png)

<use 544_data/544_linear_5/bar.png>
Package pdftex.def Info: 544_data/544_linear_5/bar.png used on input line 237.
(pdftex.def)             Requested size: 204.85844pt x 153.64174pt.

<544_data/544_linear_100/timeline.png, id=71, 578.16pt x 433.62pt>
File: 544_data/544_linear_100/timeline.png Graphic file (type png)

<use 544_data/544_linear_100/timeline.png>
Package pdftex.def Info: 544_data/544_linear_100/timeline.png used on input lin
e 249.
(pdftex.def)             Requested size: 204.85844pt x 153.64174pt.

<544_data/544_linear_100/bar.png, id=72, 578.16pt x 433.62pt>
File: 544_data/544_linear_100/bar.png Graphic file (type png)

<use 544_data/544_linear_100/bar.png>
Package pdftex.def Info: 544_data/544_linear_100/bar.png used on input line 255
.
(pdftex.def)             Requested size: 204.85844pt x 153.64174pt.

<544_data/544_linear_100_double/timeline.png, id=73, 578.16pt x 433.62pt>
File: 544_data/544_linear_100_double/timeline.png Graphic file (type png)

<use 544_data/544_linear_100_double/timeline.png>
Package pdftex.def Info: 544_data/544_linear_100_double/timeline.png used on in
put line 267.
(pdftex.def)             Requested size: 204.85844pt x 153.64174pt.

<544_data/544_linear_100_double/bar.png, id=74, 578.16pt x 433.62pt>
File: 544_data/544_linear_100_double/bar.png Graphic file (type png)

<use 544_data/544_linear_100_double/bar.png>
Package pdftex.def Info: 544_data/544_linear_100_double/bar.png used on input l
ine 273.
(pdftex.def)             Requested size: 204.85844pt x 153.64174pt.

<544_data/trial.png, id=75, 578.16pt x 433.62pt>
File: 544_data/trial.png Graphic file (type png)
 <use 544_data/trial.png>
Package pdftex.def Info: 544_data/trial.png used on input line 283.
(pdftex.def)             Requested size: 318.66946pt x 239.0012pt.

[9 <./544_data/544_linear_5/timeline.png> <./544_data/544_linear_5/bar.png>]
[10 <./544_data/544_linear_100/timeline.png> <./544_data/544_linear_100/bar.png
> <./544_data/544_linear_100_double/timeline.png> <./544_data/544_linear_100_do
uble/bar.png>] (./scifile.bbl [11 <./544_data/trial.png>]) [12] (./scifile.aux)
 ) 
Here is how much of TeX's memory you used:
 2845 strings out of 493014
 45129 string characters out of 6135690
 104566 words of memory out of 5000000
 6354 multiletter control sequences out of 15000+600000
 20698 words of font info for 43 fonts, out of 8000000 for 9000
 1141 hyphenation exceptions out of 8191
 42i,7n,40p,1676b,446s stack positions out of 5000i,500n,10000p,200000b,80000s
{/usr/share/texlive/texmf-dist/fonts/enc/dvips/base/8r.enc}</usr/share/texliv
e/texmf-dist/fonts/type1/public/amsfonts/cm/cmmi12.pfb></usr/share/texlive/texm
f-dist/fonts/type1/public/amsfonts/cm/cmr12.pfb></usr/share/texlive/texmf-dist/
fonts/type1/public/amsfonts/cm/cmsy10.pfb></usr/share/texlive/texmf-dist/fonts/
type1/urw/times/utmb8a.pfb></usr/share/texlive/texmf-dist/fonts/type1/urw/times
/utmr8a.pfb></usr/share/texlive/texmf-dist/fonts/type1/urw/times/utmri8a.pfb>
Output written on scifile.pdf (12 pages, 795249 bytes).
PDF statistics:
 117 PDF objects out of 1000 (max. 8388607)
 62 compressed objects within 1 object stream
 0 named destinations out of 1000 (max. 500000)
 71 words of extra memory for PDF output out of 10000 (max. 10000000)

